Using pre-set license
Built from '2020.2/release' branch; Version is '2020.2.1f1 (270dd8c3da1c) revision 2559448'; Using compiler version '192528614'; Build Type 'Release'
OS: 'Windows 10  (10.0.0) 64bit' Language: 'en' Physical Memory: 32640 MB
BatchMode: 1, IsHumanControllingUs: 0, StartBugReporterOnCrash: 0, Is64bit: 1, IsPro: 0

 COMMAND LINE ARGUMENTS:
C:\Program Files\Unity\Hub\Editor\2020.2.1f1\Editor\Unity.exe
-adb2
-batchMode
-noUpm
-name
AssetImportWorker0
-projectPath
C:/Programming/Unity/Platformer Metroidvania 2021/Metroidvania
-logFile
Logs/AssetImportWorker0.log
-srvPort
64079
Successfully changed project path to: C:/Programming/Unity/Platformer Metroidvania 2021/Metroidvania
C:/Programming/Unity/Platformer Metroidvania 2021/Metroidvania
Using Asset Import Pipeline V2.
Refreshing native plugins compatible for Editor in 70.09 ms, found 1 plugins.
Preloading 0 native plugins for Editor in 0.00 ms.
Initialize engine version: 2020.2.1f1 (270dd8c3da1c)
[Subsystems] Discovering subsystems at path C:/Program Files/Unity/Hub/Editor/2020.2.1f1/Editor/Data/Resources/UnitySubsystems
[Subsystems] Discovering subsystems at path C:/Programming/Unity/Platformer Metroidvania 2021/Metroidvania/Assets
GfxDevice: creating device client; threaded=0
Direct3D:
    Version:  Direct3D 11.0 [level 11.1]
    Renderer: NVIDIA GeForce GTX 1080 (ID=0x1be0)
    Vendor:   
    VRAM:     8079 MB
    Driver:   27.21.14.6079
Shader 'Universal Render Pipeline/Particles/Lit': fallback shader 'Universal Render Pipeline/Particles/SimpleLit' not found
Initialize mono
Mono path[0] = 'C:/Program Files/Unity/Hub/Editor/2020.2.1f1/Editor/Data/Managed'
Mono path[1] = 'C:/Program Files/Unity/Hub/Editor/2020.2.1f1/Editor/Data/MonoBleedingEdge/lib/mono/unityjit'
Mono config path = 'C:/Program Files/Unity/Hub/Editor/2020.2.1f1/Editor/Data/MonoBleedingEdge/etc'
Using monoOptions --debugger-agent=transport=dt_socket,embedding=1,server=y,suspend=n,address=127.0.0.1:56356
Begin MonoManager ReloadAssembly
Registering precompiled unity dll's ...
Register platform support module: C:/Program Files/Unity/Hub/Editor/2020.2.1f1/Editor/Data/PlaybackEngines/WebGLSupport/UnityEditor.WebGL.Extensions.dll
Register platform support module: C:/Program Files/Unity/Hub/Editor/2020.2.1f1/Editor/Data/PlaybackEngines/MacStandaloneSupport/UnityEditor.OSXStandalone.Extensions.dll
Register platform support module: C:/Program Files/Unity/Hub/Editor/2020.2.1f1/Editor/Data/PlaybackEngines/WindowsStandaloneSupport/UnityEditor.WindowsStandalone.Extensions.dll
Register platform support module: C:/Program Files/Unity/Hub/Editor/2020.2.1f1/Editor/Data/PlaybackEngines/LinuxStandaloneSupport/UnityEditor.LinuxStandalone.Extensions.dll
Registered in 0.003350 seconds.
Native extension for LinuxStandalone target not found
Native extension for WindowsStandalone target not found
Native extension for OSXStandalone target not found
Native extension for WebGL target not found
Refreshing native plugins compatible for Editor in 74.21 ms, found 1 plugins.
Preloading 0 native plugins for Editor in 0.00 ms.
Invoked RoslynAnalysisRunner static constructor.
RoslynAnalysisRunner will not be running.
RoslynAnalysisRunner has terminated.
Mono: successfully reloaded assembly
- Completed reload, in  1.186 seconds
Platform modules already initialized, skipping
Registering precompiled user dll's ...
Registered in 0.002215 seconds.
Begin MonoManager ReloadAssembly
Native extension for LinuxStandalone target not found
Native extension for WindowsStandalone target not found
Native extension for OSXStandalone target not found
Native extension for WebGL target not found
Refreshing native plugins compatible for Editor in 82.58 ms, found 1 plugins.
Preloading 0 native plugins for Editor in 0.00 ms.
Invoked RoslynAnalysisRunner static constructor.
RoslynAnalysisRunner will not be running.
RoslynAnalysisRunner has terminated.
Mono: successfully reloaded assembly
- Completed reload, in  1.891 seconds
Platform modules already initialized, skipping
========================================================================
Worker process is ready to serve import requests
Shader 'Universal Render Pipeline/Particles/Lit': fallback shader 'Universal Render Pipeline/Particles/SimpleLit' not found
Launched and connected shader compiler UnityShaderCompiler.exe after 0.04 seconds
Refreshing native plugins compatible for Editor in 0.70 ms, found 1 plugins.
Preloading 0 native plugins for Editor in 0.00 ms.
Unloading 4188 Unused Serialized files (Serialized files now loaded: 0)
System memory in use before: 174.0 MB.
System memory in use after: 174.1 MB.

Unloading 30 unused Assets to reduce memory usage. Loaded Objects now: 4623.
Total: 3.819200 ms (FindLiveObjects: 0.421500 ms CreateObjectMapping: 0.220700 ms MarkObjects: 2.985900 ms  DeleteObjects: 0.189900 ms)

========================================================================
Received Import Request.
  path: Assets/Scripts/Character/Abilities/VerticalMovement.cs
  artifactKey: Guid(f6f25d3f2058eab44849a11fe4b5ea42) Importer(815301076,1909f56bfc062723c751e8b465ee728b)
Start importing Assets/Scripts/Character/Abilities/VerticalMovement.cs using Guid(f6f25d3f2058eab44849a11fe4b5ea42) Importer(815301076,1909f56bfc062723c751e8b465ee728b)  -> (artifact id: '60fd073e6accc0d6d6f883e5d174b2b3') in 0.050551 seconds
  Import took 0.057226 seconds .

========================================================================
Received Import Request.
  Time since last request: 16.838260 seconds.
  path: Assets/Scripts/Character/Abilities/VerticalMovement.cs
  artifactKey: Guid(f6f25d3f2058eab44849a11fe4b5ea42) Importer(815301076,1909f56bfc062723c751e8b465ee728b)
Start importing Assets/Scripts/Character/Abilities/VerticalMovement.cs using Guid(f6f25d3f2058eab44849a11fe4b5ea42) Importer(815301076,1909f56bfc062723c751e8b465ee728b)  -> (artifact id: 'cc4abda11db113aed487104e231778c0') in 0.006942 seconds
  Import took 0.016431 seconds .

========================================================================
Received Import Request.
  Time since last request: 7.975996 seconds.
  path: Assets/Scripts/Character/Abilities/VerticalMovement.cs
  artifactKey: Guid(f6f25d3f2058eab44849a11fe4b5ea42) Importer(815301076,1909f56bfc062723c751e8b465ee728b)
Start importing Assets/Scripts/Character/Abilities/VerticalMovement.cs using Guid(f6f25d3f2058eab44849a11fe4b5ea42) Importer(815301076,1909f56bfc062723c751e8b465ee728b)  -> (artifact id: 'b23fbd0faa6b0e2bfb2b8a97f246e579') in 0.004031 seconds
  Import took 0.011047 seconds .

========================================================================
Received Import Request.
  Time since last request: 112.685704 seconds.
  path: Assets/Scripts/Character/Abilities/VerticalMovement.cs
  artifactKey: Guid(f6f25d3f2058eab44849a11fe4b5ea42) Importer(815301076,1909f56bfc062723c751e8b465ee728b)
Start importing Assets/Scripts/Character/Abilities/VerticalMovement.cs using Guid(f6f25d3f2058eab44849a11fe4b5ea42) Importer(815301076,1909f56bfc062723c751e8b465ee728b)  -> (artifact id: 'a989222ccf099129f6358d0233e086a1') in 0.003589 seconds
  Import took 0.013176 seconds .

========================================================================
Received Import Request.
  Time since last request: 17.063578 seconds.
  path: Assets/Scripts/Character/Abilities/VerticalMovement.cs
  artifactKey: Guid(f6f25d3f2058eab44849a11fe4b5ea42) Importer(815301076,1909f56bfc062723c751e8b465ee728b)
Start importing Assets/Scripts/Character/Abilities/VerticalMovement.cs using Guid(f6f25d3f2058eab44849a11fe4b5ea42) Importer(815301076,1909f56bfc062723c751e8b465ee728b)  -> (artifact id: 'aaadbc1abb1405a6f96b034febc17b3c') in 0.006460 seconds
  Import took 0.014408 seconds .

========================================================================
Received Import Request.
  Time since last request: 5.978721 seconds.
  path: Assets/Scripts/Character/Abilities/VerticalMovement.cs
  artifactKey: Guid(f6f25d3f2058eab44849a11fe4b5ea42) Importer(815301076,1909f56bfc062723c751e8b465ee728b)
Start importing Assets/Scripts/Character/Abilities/VerticalMovement.cs using Guid(f6f25d3f2058eab44849a11fe4b5ea42) Importer(815301076,1909f56bfc062723c751e8b465ee728b)  -> (artifact id: 'e07af4a4a505cb117108070947a91587') in 0.004012 seconds
  Import took 0.011656 seconds .

========================================================================
Received Import Request.
  Time since last request: 3.424104 seconds.
  path: Assets/Scripts/Character/Abilities/VerticalMovement.cs
  artifactKey: Guid(f6f25d3f2058eab44849a11fe4b5ea42) Importer(815301076,1909f56bfc062723c751e8b465ee728b)
Start importing Assets/Scripts/Character/Abilities/VerticalMovement.cs using Guid(f6f25d3f2058eab44849a11fe4b5ea42) Importer(815301076,1909f56bfc062723c751e8b465ee728b)  -> (artifact id: '657abd31b3f688f6c1edefc174f14c0a') in 0.003698 seconds
  Import took 0.010288 seconds .

========================================================================
Received Import Request.
  Time since last request: 6.723153 seconds.
  path: Assets/Scripts/Character/Abilities/VerticalMovement.cs
  artifactKey: Guid(f6f25d3f2058eab44849a11fe4b5ea42) Importer(815301076,1909f56bfc062723c751e8b465ee728b)
Start importing Assets/Scripts/Character/Abilities/VerticalMovement.cs using Guid(f6f25d3f2058eab44849a11fe4b5ea42) Importer(815301076,1909f56bfc062723c751e8b465ee728b)  -> (artifact id: '6171feb9add993a2384dfdc70757b1f3') in 0.004238 seconds
  Import took 0.014712 seconds .

========================================================================
Received Import Request.
  Time since last request: 7.866784 seconds.
  path: Assets/Scripts/Character/Abilities/VerticalMovement.cs
  artifactKey: Guid(f6f25d3f2058eab44849a11fe4b5ea42) Importer(815301076,1909f56bfc062723c751e8b465ee728b)
Start importing Assets/Scripts/Character/Abilities/VerticalMovement.cs using Guid(f6f25d3f2058eab44849a11fe4b5ea42) Importer(815301076,1909f56bfc062723c751e8b465ee728b)  -> (artifact id: '8bae5d4f4d42ed7dc7b9486f4f4e79e7') in 0.003310 seconds
  Import took 0.012456 seconds .

========================================================================
Received Import Request.
  Time since last request: 8.574341 seconds.
  path: Assets/Scripts/Character/Abilities/VerticalMovement.cs
  artifactKey: Guid(f6f25d3f2058eab44849a11fe4b5ea42) Importer(815301076,1909f56bfc062723c751e8b465ee728b)
Start importing Assets/Scripts/Character/Abilities/VerticalMovement.cs using Guid(f6f25d3f2058eab44849a11fe4b5ea42) Importer(815301076,1909f56bfc062723c751e8b465ee728b)  -> (artifact id: 'a6ebe5d4588008d44fdc29e9d4b7f23c') in 0.004290 seconds
  Import took 0.013595 seconds .

========================================================================
Received Import Request.
  Time since last request: 27.263441 seconds.
  path: Assets/Scripts/Character/Abilities/VerticalMovement.cs
  artifactKey: Guid(f6f25d3f2058eab44849a11fe4b5ea42) Importer(815301076,1909f56bfc062723c751e8b465ee728b)
Start importing Assets/Scripts/Character/Abilities/VerticalMovement.cs using Guid(f6f25d3f2058eab44849a11fe4b5ea42) Importer(815301076,1909f56bfc062723c751e8b465ee728b)  -> (artifact id: '515215d6298e222545c1953c482c2739') in 0.004485 seconds
  Import took 0.013571 seconds .

========================================================================
Received Import Request.
  Time since last request: 15.508342 seconds.
  path: Assets/Scripts/Character/Abilities/VerticalMovement.cs
  artifactKey: Guid(f6f25d3f2058eab44849a11fe4b5ea42) Importer(815301076,1909f56bfc062723c751e8b465ee728b)
Start importing Assets/Scripts/Character/Abilities/VerticalMovement.cs using Guid(f6f25d3f2058eab44849a11fe4b5ea42) Importer(815301076,1909f56bfc062723c751e8b465ee728b)  -> (artifact id: 'fd9047a37cafdf8792f930e35a14920d') in 0.004287 seconds
  Import took 0.014895 seconds .

========================================================================
Received Import Request.
  Time since last request: 507.104116 seconds.
  path: Assets/Scripts/Character/Abilities/VerticalMovement.cs
  artifactKey: Guid(f6f25d3f2058eab44849a11fe4b5ea42) Importer(815301076,1909f56bfc062723c751e8b465ee728b)
Start importing Assets/Scripts/Character/Abilities/VerticalMovement.cs using Guid(f6f25d3f2058eab44849a11fe4b5ea42) Importer(815301076,1909f56bfc062723c751e8b465ee728b)  -> (artifact id: '00000000000000000000000000000000') in 0.000634 seconds
  ERROR: Build asset version error: assets/scripts/character/abilities/verticalmovement.cs in SourceAssetDB has modification time of '2021-01-17T12:46:11.3504073Z' while content on disk has modification time of '2021-01-17T12:46:11.6132312Z'
  Import took 0.008098 seconds .

========================================================================
Received Import Request.
  Time since last request: 0.025470 seconds.
  path: Assets/Scripts/Character/Abilities/VerticalMovement.cs
  artifactKey: Guid(f6f25d3f2058eab44849a11fe4b5ea42) Importer(815301076,1909f56bfc062723c751e8b465ee728b)
Start importing Assets/Scripts/Character/Abilities/VerticalMovement.cs using Guid(f6f25d3f2058eab44849a11fe4b5ea42) Importer(815301076,1909f56bfc062723c751e8b465ee728b)  -> (artifact id: '00000000000000000000000000000000') in 0.000394 seconds
  ERROR: Build asset version error: assets/scripts/character/abilities/verticalmovement.cs in SourceAssetDB has modification time of '2021-01-17T12:46:11.3504073Z' while content on disk has modification time of '2021-01-17T12:46:11.6132312Z'
  Import took 0.006799 seconds .

========================================================================
Received Import Request.
  Time since last request: 0.025475 seconds.
  path: Assets/Scripts/Character/Abilities/VerticalMovement.cs
  artifactKey: Guid(f6f25d3f2058eab44849a11fe4b5ea42) Importer(815301076,1909f56bfc062723c751e8b465ee728b)
Start importing Assets/Scripts/Character/Abilities/VerticalMovement.cs using Guid(f6f25d3f2058eab44849a11fe4b5ea42) Importer(815301076,1909f56bfc062723c751e8b465ee728b)  -> (artifact id: 'b22a13465e6c557ecaf9b7d4bf7dba3e') in 0.003551 seconds
  Import took 0.010971 seconds .

========================================================================
Received Import Request.
  Time since last request: 26.724449 seconds.
  path: Assets/Scripts/Character/Abilities/VerticalMovement.cs
  artifactKey: Guid(f6f25d3f2058eab44849a11fe4b5ea42) Importer(815301076,1909f56bfc062723c751e8b465ee728b)
Start importing Assets/Scripts/Character/Abilities/VerticalMovement.cs using Guid(f6f25d3f2058eab44849a11fe4b5ea42) Importer(815301076,1909f56bfc062723c751e8b465ee728b)  -> (artifact id: '50f0c885479fc996a4f1a3a3230de073') in 0.003720 seconds
  Import took 0.010416 seconds .

========================================================================
Received Import Request.
  Time since last request: 11.403347 seconds.
  path: Assets/Scripts/Character/Abilities/VerticalMovement.cs
  artifactKey: Guid(f6f25d3f2058eab44849a11fe4b5ea42) Importer(815301076,1909f56bfc062723c751e8b465ee728b)
Start importing Assets/Scripts/Character/Abilities/VerticalMovement.cs using Guid(f6f25d3f2058eab44849a11fe4b5ea42) Importer(815301076,1909f56bfc062723c751e8b465ee728b)  -> (artifact id: '148e3c2285ded3e1cf7ba7a8922216d8') in 0.003638 seconds
  Import took 0.010977 seconds .

========================================================================
Received Import Request.
  Time since last request: 44.847178 seconds.
  path: Assets/Scripts/Character/Abilities/VerticalMovement.cs
  artifactKey: Guid(f6f25d3f2058eab44849a11fe4b5ea42) Importer(815301076,1909f56bfc062723c751e8b465ee728b)
Start importing Assets/Scripts/Character/Abilities/VerticalMovement.cs using Guid(f6f25d3f2058eab44849a11fe4b5ea42) Importer(815301076,1909f56bfc062723c751e8b465ee728b)  -> (artifact id: '56af016296e6766b023e7451b2bcc5cc') in 0.003835 seconds
  Import took 0.012618 seconds .

========================================================================
Received Import Request.
  Time since last request: 44.772667 seconds.
  path: Assets/Scripts/Character/Abilities/VerticalMovement.cs
  artifactKey: Guid(f6f25d3f2058eab44849a11fe4b5ea42) Importer(815301076,1909f56bfc062723c751e8b465ee728b)
Start importing Assets/Scripts/Character/Abilities/VerticalMovement.cs using Guid(f6f25d3f2058eab44849a11fe4b5ea42) Importer(815301076,1909f56bfc062723c751e8b465ee728b)  -> (artifact id: '048fdb4de7ac0a5efdd1715e479afdc3') in 0.004670 seconds
  Import took 0.017574 seconds .

========================================================================
Received Import Request.
  Time since last request: 178.542093 seconds.
  path: Assets/Scripts/Character/Abilities/VerticalMovement.cs
  artifactKey: Guid(f6f25d3f2058eab44849a11fe4b5ea42) Importer(815301076,1909f56bfc062723c751e8b465ee728b)
Start importing Assets/Scripts/Character/Abilities/VerticalMovement.cs using Guid(f6f25d3f2058eab44849a11fe4b5ea42) Importer(815301076,1909f56bfc062723c751e8b465ee728b)  -> (artifact id: '6bef685c2bb6b01e96f4c8ba2eb829e6') in 0.004010 seconds
  Import took 0.011626 seconds .

========================================================================
Received Prepare
Registering precompiled user dll's ...
Registered in 0.002329 seconds.
Begin MonoManager ReloadAssembly
Native extension for LinuxStandalone target not found
Native extension for WindowsStandalone target not found
Native extension for OSXStandalone target not found
Native extension for WebGL target not found
Refreshing native plugins compatible for Editor in 0.64 ms, found 1 plugins.
Preloading 0 native plugins for Editor in 0.00 ms.
Invoked RoslynAnalysisRunner static constructor.
RoslynAnalysisRunner will not be running.
RoslynAnalysisRunner has terminated.
Mono: successfully reloaded assembly
- Completed reload, in  1.154 seconds
Platform modules already initialized, skipping
Shader 'Universal Render Pipeline/Particles/Lit': fallback shader 'Universal Render Pipeline/Particles/SimpleLit' not found
Refreshing native plugins compatible for Editor in 0.82 ms, found 1 plugins.
Preloading 0 native plugins for Editor in 0.00 ms.
Unloading 4041 Unused Serialized files (Serialized files now loaded: 0)
System memory in use before: 165.2 MB.
System memory in use after: 165.3 MB.

Unloading 18 unused Assets to reduce memory usage. Loaded Objects now: 4626.
Total: 4.792200 ms (FindLiveObjects: 0.993600 ms CreateObjectMapping: 0.314400 ms MarkObjects: 3.379100 ms  DeleteObjects: 0.103400 ms)

========================================================================
Received Prepare
Registering precompiled user dll's ...
Registered in 0.002174 seconds.
Begin MonoManager ReloadAssembly
Native extension for LinuxStandalone target not found
Native extension for WindowsStandalone target not found
Native extension for OSXStandalone target not found
Native extension for WebGL target not found
Refreshing native plugins compatible for Editor in 0.80 ms, found 1 plugins.
Preloading 0 native plugins for Editor in 0.00 ms.
Invoked RoslynAnalysisRunner static constructor.
RoslynAnalysisRunner will not be running.
RoslynAnalysisRunner has terminated.
Mono: successfully reloaded assembly
- Completed reload, in  1.332 seconds
Platform modules already initialized, skipping
Shader 'Universal Render Pipeline/Particles/Lit': fallback shader 'Universal Render Pipeline/Particles/SimpleLit' not found
Refreshing native plugins compatible for Editor in 0.73 ms, found 1 plugins.
Preloading 0 native plugins for Editor in 0.00 ms.
Unloading 4041 Unused Serialized files (Serialized files now loaded: 0)
System memory in use before: 166.3 MB.
System memory in use after: 166.4 MB.

Unloading 18 unused Assets to reduce memory usage. Loaded Objects now: 4629.
Total: 4.839200 ms (FindLiveObjects: 1.239300 ms CreateObjectMapping: 0.457500 ms MarkObjects: 3.031200 ms  DeleteObjects: 0.109400 ms)

========================================================================
Received Prepare
Registering precompiled user dll's ...
Registered in 0.003711 seconds.
Begin MonoManager ReloadAssembly
Native extension for LinuxStandalone target not found
Native extension for WindowsStandalone target not found
Native extension for OSXStandalone target not found
Native extension for WebGL target not found
Refreshing native plugins compatible for Editor in 0.69 ms, found 1 plugins.
Preloading 0 native plugins for Editor in 0.00 ms.
Invoked RoslynAnalysisRunner static constructor.
RoslynAnalysisRunner will not be running.
RoslynAnalysisRunner has terminated.
Mono: successfully reloaded assembly
- Completed reload, in  1.490 seconds
Platform modules already initialized, skipping
Shader 'Universal Render Pipeline/Particles/Lit': fallback shader 'Universal Render Pipeline/Particles/SimpleLit' not found
Refreshing native plugins compatible for Editor in 0.97 ms, found 1 plugins.
Preloading 0 native plugins for Editor in 0.00 ms.
Unloading 4041 Unused Serialized files (Serialized files now loaded: 0)
System memory in use before: 166.3 MB.
System memory in use after: 166.4 MB.

Unloading 18 unused Assets to reduce memory usage. Loaded Objects now: 4632.
Total: 6.181800 ms (FindLiveObjects: 0.752300 ms CreateObjectMapping: 0.522700 ms MarkObjects: 4.787600 ms  DeleteObjects: 0.117900 ms)

AssetImportWorkerClient::OnTransportError - code=2 error=End of file
